<?xml version="1.0" encoding="utf-8"?><testsuites name="pytest tests"><testsuite name="pytest" errors="0" failures="0" skipped="0" tests="3" time="0.599" timestamp="2026-07-12T20:39:44.648212-04:00" hostname="dani"><testcase classname="tests.test_api" name="test_read_home" time="0.003" /><testcase classname="tests.test_api" name="test_predict_endpoint_success" time="0.003" /><testcase classname="tests.test_api" name="test_predict_endpoint_validation_error" time="0.003" /></testsuite></testsuites>